
============================================================
  [2026-04-16 08:59:07] ALERT FROM 192.168.137.2
{
  "time": "2026-04-16 08:59:07",
  "source": "192.168.137.2",
  "trap_oid": "1.3.6.1.6.3.1.1.5.3",
  "alarm_key": "linkdown",
  "alarm_name": "Link Down",
  "level": "CRITICAL",
  "varbinds": [
    {
      "oid": "1.3.6.1.2.1.2.2.1.1.4",
      "value": "4"
    },
    {
      "oid": "1.3.6.1.2.1.2.2.1.7.4",
      "value": "2"
    },
    {
      "oid": "1.3.6.1.2.1.2.2.1.8.4",
      "value": "2"
    },
    {
      "oid": "1.3.6.1.2.1.2.2.1.2.4",
      "value": "GigabitEthernet0/0/1"
    },
    {
      "oid": "1.3.6.1.4.1.2011.5.25.41.1.20.1.0",
      "value": "16"
    },
    {
      "oid": "1.3.6.1.4.1.2011.5.25.41.1.20.2.0",
      "value": "GigabitEthernet0/0/1"
    }
  ]
}
============================================================

============================================================
  [2026-04-16 09:00:36] ALERT FROM 192.168.137.2
{
  "time": "2026-04-16 09:00:36",
  "source": "192.168.137.2",
  "trap_oid": "1.3.6.1.6.3.1.1.5.4",
  "alarm_key": "linkup",
  "alarm_name": "Link Up",
  "level": "INFO",
  "varbinds": [
    {
      "oid": "1.3.6.1.2.1.2.2.1.1.4",
      "value": "4"
    },
    {
      "oid": "1.3.6.1.2.1.2.2.1.7.4",
      "value": "1"
    },
    {
      "oid": "1.3.6.1.2.1.2.2.1.8.4",
      "value": "1"
    },
    {
      "oid": "1.3.6.1.2.1.2.2.1.2.4",
      "value": "GigabitEthernet0/0/1"
    },
    {
      "oid": "1.3.6.1.4.1.2011.5.25.41.1.20.1.0",
      "value": "18"
    },
    {
      "oid": "1.3.6.1.4.1.2011.5.25.41.1.20.2.0",
      "value": "GigabitEthernet0/0/1"
    }
  ]
}
============================================================

============================================================
  [2026-04-16 09:04:47] ALERT FROM 192.168.137.2
{
  "time": "2026-04-16 09:04:47",
  "source": "192.168.137.2",
  "trap_oid": "1.3.6.1.6.3.1.1.5.3",
  "alarm_key": "linkdown",
  "alarm_name": "Link Down",
  "level": "CRITICAL",
  "varbinds": [
    {
      "oid": "1.3.6.1.2.1.2.2.1.1.4",
      "value": "4"
    },
    {
      "oid": "1.3.6.1.2.1.2.2.1.7.4",
      "value": "2"
    },
    {
      "oid": "1.3.6.1.2.1.2.2.1.8.4",
      "value": "2"
    },
    {
      "oid": "1.3.6.1.2.1.2.2.1.2.4",
      "value": "GigabitEthernet0/0/1"
    },
    {
      "oid": "1.3.6.1.4.1.2011.5.25.41.1.20.1.0",
      "value": "16"
    },
    {
      "oid": "1.3.6.1.4.1.2011.5.25.41.1.20.2.0",
      "value": "GigabitEthernet0/0/1"
    }
  ]
}
============================================================

============================================================
  [2026-04-16 09:22:09] ALERT FROM 192.168.137.2
{
  "time": "2026-04-16 09:22:09",
  "source": "192.168.137.2",
  "trap_oid": "1.3.6.1.6.3.1.1.5.3",
  "alarm_key": "linkdown",
  "alarm_name": "Link Down",
  "level": "CRITICAL",
  "varbinds": [
    {
      "oid": "1.3.6.1.2.1.2.2.1.1.4",
      "value": "4"
    },
    {
      "oid": "1.3.6.1.2.1.2.2.1.7.4",
      "value": "2"
    },
    {
      "oid": "1.3.6.1.2.1.2.2.1.8.4",
      "value": "2"
    },
    {
      "oid": "1.3.6.1.2.1.2.2.1.2.4",
      "value": "GigabitEthernet0/0/1"
    },
    {
      "oid": "1.3.6.1.4.1.2011.5.25.41.1.20.1.0",
      "value": "16"
    },
    {
      "oid": "1.3.6.1.4.1.2011.5.25.41.1.20.2.0",
      "value": "GigabitEthernet0/0/1"
    }
  ]
}
============================================================

============================================================
  [2026-04-16 09:24:14] ALERT FROM 192.168.137.2
{
  "time": "2026-04-16 09:24:14",
  "source": "192.168.137.2",
  "trap_oid": "1.3.6.1.6.3.1.1.5.4",
  "alarm_key": "linkup",
  "alarm_name": "Link Up",
  "level": "INFO",
  "varbinds": [
    {
      "oid": "1.3.6.1.2.1.2.2.1.1.4",
      "value": "4"
    },
    {
      "oid": "1.3.6.1.2.1.2.2.1.7.4",
      "value": "1"
    },
    {
      "oid": "1.3.6.1.2.1.2.2.1.8.4",
      "value": "1"
    },
    {
      "oid": "1.3.6.1.2.1.2.2.1.2.4",
      "value": "GigabitEthernet0/0/1"
    },
    {
      "oid": "1.3.6.1.4.1.2011.5.25.41.1.20.1.0",
      "value": "18"
    },
    {
      "oid": "1.3.6.1.4.1.2011.5.25.41.1.20.2.0",
      "value": "GigabitEthernet0/0/1"
    }
  ]
}
============================================================

============================================================
  [2026-04-16 09:27:44] ALERT FROM 192.168.137.2
{
  "time": "2026-04-16 09:27:44",
  "source": "192.168.137.2",
  "trap_oid": "1.3.6.1.6.3.1.1.5.3",
  "alarm_key": "linkdown",
  "alarm_name": "Link Down",
  "level": "CRITICAL",
  "varbinds": [
    {
      "oid": "1.3.6.1.2.1.2.2.1.1.4",
      "value": "4"
    },
    {
      "oid": "1.3.6.1.2.1.2.2.1.7.4",
      "value": "2"
    },
    {
      "oid": "1.3.6.1.2.1.2.2.1.8.4",
      "value": "2"
    },
    {
      "oid": "1.3.6.1.2.1.2.2.1.2.4",
      "value": "GigabitEthernet0/0/1"
    },
    {
      "oid": "1.3.6.1.4.1.2011.5.25.41.1.20.1.0",
      "value": "16"
    },
    {
      "oid": "1.3.6.1.4.1.2011.5.25.41.1.20.2.0",
      "value": "GigabitEthernet0/0/1"
    }
  ]
}
============================================================

============================================================
  [2026-04-16 09:32:56] ALERT FROM 192.168.137.2
{
  "time": "2026-04-16 09:32:56",
  "source": "192.168.137.2",
  "trap_oid": "1.3.6.1.6.3.1.1.5.4",
  "alarm_key": "linkup",
  "alarm_name": "Link Up",
  "level": "INFO",
  "varbinds": [
    {
      "oid": "1.3.6.1.2.1.2.2.1.1.4",
      "value": "4"
    },
    {
      "oid": "1.3.6.1.2.1.2.2.1.7.4",
      "value": "1"
    },
    {
      "oid": "1.3.6.1.2.1.2.2.1.8.4",
      "value": "1"
    },
    {
      "oid": "1.3.6.1.2.1.2.2.1.2.4",
      "value": "GigabitEthernet0/0/1"
    },
    {
      "oid": "1.3.6.1.4.1.2011.5.25.41.1.20.1.0",
      "value": "18"
    },
    {
      "oid": "1.3.6.1.4.1.2011.5.25.41.1.20.2.0",
      "value": "GigabitEthernet0/0/1"
    }
  ]
}
============================================================

============================================================
  [2026-04-16 09:35:01] ALERT FROM 192.168.137.2
{
  "time": "2026-04-16 09:35:01",
  "source": "192.168.137.2",
  "trap_oid": "1.3.6.1.6.3.1.1.5.3",
  "alarm_key": "linkdown",
  "alarm_name": "Link Down",
  "level": "CRITICAL",
  "varbinds": [
    {
      "oid": "1.3.6.1.2.1.2.2.1.1.4",
      "value": "4"
    },
    {
      "oid": "1.3.6.1.2.1.2.2.1.7.4",
      "value": "2"
    },
    {
      "oid": "1.3.6.1.2.1.2.2.1.8.4",
      "value": "2"
    },
    {
      "oid": "1.3.6.1.2.1.2.2.1.2.4",
      "value": "GigabitEthernet0/0/1"
    },
    {
      "oid": "1.3.6.1.4.1.2011.5.25.41.1.20.1.0",
      "value": "16"
    },
    {
      "oid": "1.3.6.1.4.1.2011.5.25.41.1.20.2.0",
      "value": "GigabitEthernet0/0/1"
    }
  ]
}
============================================================

============================================================
  [2026-04-16 09:57:57] ALERT FROM 127.0.0.1
{
  "time": "2026-04-16 09:57:57",
  "source": "127.0.0.1",
  "trap_oid": "",
  "alarm_key": null,
  "alarm_name": "Unrecognized",
  "level": "INFO",
  "varbinds": [
    {
      "oid": "1.3.6.1.6.3.1.1.5.3",
      "value": "0.0"
    },
    {
      "oid": "1.3.6.1.2.1.2.2.1.2.4",
      "value": "GigabitEthernet0/0/10\u000f"
    },
    {
      "oid": "1.3.6.1.2.1.2.2.1.8.4",
      "value": "2"
    }
  ]
}
============================================================

============================================================
  [2026-04-16 09:59:57] ALERT FROM 192.168.137.2
{
  "time": "2026-04-16 09:59:57",
  "source": "192.168.137.2",
  "trap_oid": "1.3.6.1.6.3.1.1.5.4",
  "alarm_key": "linkup",
  "alarm_name": "Link Up",
  "level": "INFO",
  "varbinds": [
    {
      "oid": "1.3.6.1.2.1.2.2.1.1.4",
      "value": "4"
    },
    {
      "oid": "1.3.6.1.2.1.2.2.1.7.4",
      "value": "1"
    },
    {
      "oid": "1.3.6.1.2.1.2.2.1.8.4",
      "value": "1"
    },
    {
      "oid": "1.3.6.1.2.1.2.2.1.2.4",
      "value": "GigabitEthernet0/0/1"
    },
    {
      "oid": "1.3.6.1.4.1.2011.5.25.41.1.20.1.0",
      "value": "18"
    },
    {
      "oid": "1.3.6.1.4.1.2011.5.25.41.1.20.2.0",
      "value": "GigabitEthernet0/0/1"
    }
  ]
}
============================================================

============================================================
  [2026-04-16 10:34:50] ALERT FROM 192.168.137.2
{
  "time": "2026-04-16 10:34:50",
  "source": "192.168.137.2",
  "trap_oid": "1.3.6.1.6.3.1.1.5.3",
  "alarm_key": "linkdown",
  "alarm_name": "Link Down",
  "level": "CRITICAL",
  "varbinds": [
    {
      "oid": "1.3.6.1.2.1.2.2.1.1.4",
      "value": "4"
    },
    {
      "oid": "1.3.6.1.2.1.2.2.1.7.4",
      "value": "2"
    },
    {
      "oid": "1.3.6.1.2.1.2.2.1.8.4",
      "value": "2"
    },
    {
      "oid": "1.3.6.1.2.1.2.2.1.2.4",
      "value": "GigabitEthernet0/0/1"
    },
    {
      "oid": "1.3.6.1.4.1.2011.5.25.41.1.20.1.0",
      "value": "16"
    },
    {
      "oid": "1.3.6.1.4.1.2011.5.25.41.1.20.2.0",
      "value": "GigabitEthernet0/0/1"
    }
  ]
}
============================================================
